<?xml version="1.0" encoding="UTF-8"?>
<testng-results skipped="0" failed="0" ignored="0" total="1" passed="1">
  <reporter-output>
  </reporter-output>
  <suite name="Suite" duration-ms="28234" started-at="2019-07-23T05:38:08Z" finished-at="2019-07-23T05:38:36Z">
    <groups>
    </groups>
    <test name="Test" duration-ms="28234" started-at="2019-07-23T05:38:08Z" finished-at="2019-07-23T05:38:36Z">
      <class name="testCases.TC0008_AddNewDeveloper">
        <test-method status="PASS" signature="beforeSuite()[pri:0, instance:testCases.TC0008_AddNewDeveloper@6043cd28]" name="beforeSuite" is-config="true" duration-ms="113" started-at="2019-07-23T05:38:08Z" finished-at="2019-07-23T05:38:08Z">
          <reporter-output>
          </reporter-output>
        </test-method> <!-- beforeSuite -->
        <test-method status="PASS" signature="beforeTest()[pri:0, instance:testCases.TC0008_AddNewDeveloper@6043cd28]" name="beforeTest" is-config="true" duration-ms="1" started-at="2019-07-23T05:38:08Z" finished-at="2019-07-23T05:38:08Z">
          <reporter-output>
          </reporter-output>
        </test-method> <!-- beforeTest -->
        <test-method status="PASS" signature="setValues()[pri:0, instance:testCases.TC0008_AddNewDeveloper@6043cd28]" name="setValues" is-config="true" duration-ms="0" started-at="2019-07-23T05:38:08Z" finished-at="2019-07-23T05:38:08Z">
          <reporter-output>
          </reporter-output>
        </test-method> <!-- setValues -->
        <test-method status="PASS" signature="beforeMethod()[pri:0, instance:testCases.TC0008_AddNewDeveloper@6043cd28]" name="beforeMethod" is-config="true" duration-ms="4922" started-at="2019-07-23T05:38:08Z" finished-at="2019-07-23T05:38:13Z">
          <reporter-output>
          </reporter-output>
        </test-method> <!-- beforeMethod -->
        <test-method status="PASS" signature="developerRegistration(java.lang.String, java.lang.String, java.lang.String, java.lang.String, java.lang.String, java.lang.String, java.lang.String, java.lang.String)[pri:0, instance:testCases.TC0008_AddNewDeveloper@6043cd28]" name="developerRegistration" duration-ms="22255" started-at="2019-07-23T05:38:13Z" data-provider="fetchData" finished-at="2019-07-23T05:38:35Z">
          <params>
            <param index="0">
              <value>
                <![CDATA[pria]]>
              </value>
            </param>
            <param index="1">
              <value>
                <![CDATA[dharshin]]>
              </value>
            </param>
            <param index="2">
              <value>
                <![CDATA[Thales IFS]]>
              </value>
            </param>
            <param index="3">
              <value>
                <![CDATA[https://www.thales.com]]>
              </value>
            </param>
            <param index="4">
              <value>
                <![CDATA[7895412306]]>
              </value>
            </param>
            <param index="5">
              <value>
                <![CDATA[https://www.linkedin.com/abi/login]]>
              </value>
            </param>
            <param index="6">
              <value>
                <![CDATA[dhars3@ltts.com]]>
              </value>
            </param>
            <param index="7">
              <value>
                <![CDATA[Abirami@1]]>
              </value>
            </param>
          </params>
          <reporter-output>
          </reporter-output>
        </test-method> <!-- developerRegistration -->
        <test-method status="PASS" signature="afterMethod(org.testng.ITestResult)[pri:0, instance:testCases.TC0008_AddNewDeveloper@6043cd28]" name="afterMethod" is-config="true" duration-ms="685" started-at="2019-07-23T05:38:35Z" finished-at="2019-07-23T05:38:36Z">
          <params>
            <param index="0">
              <value>
                <![CDATA[[TestResult name=developerRegistration status=SUCCESS method=TC0008_AddNewDeveloper.developerRegistration(java.lang.String, java.lang.String, java.lang.String, java.lang.String, java.lang.String, java.lang.String, java.lang.String, java.lang.String)[pri:0, instance:testCases.TC0008_AddNewDeveloper@6043cd28] output={null}]]]>
              </value>
            </param>
          </params>
          <reporter-output>
          </reporter-output>
        </test-method> <!-- afterMethod -->
        <test-method status="PASS" signature="afterClass()[pri:0, instance:testCases.TC0008_AddNewDeveloper@6043cd28]" name="afterClass" is-config="true" duration-ms="0" started-at="2019-07-23T05:38:36Z" finished-at="2019-07-23T05:38:36Z">
          <reporter-output>
          </reporter-output>
        </test-method> <!-- afterClass -->
        <test-method status="PASS" signature="afterTest()[pri:0, instance:testCases.TC0008_AddNewDeveloper@6043cd28]" name="afterTest" is-config="true" duration-ms="1" started-at="2019-07-23T05:38:36Z" finished-at="2019-07-23T05:38:36Z">
          <reporter-output>
          </reporter-output>
        </test-method> <!-- afterTest -->
        <test-method status="PASS" signature="afterSuite()[pri:0, instance:testCases.TC0008_AddNewDeveloper@6043cd28]" name="afterSuite" is-config="true" duration-ms="164" started-at="2019-07-23T05:38:36Z" finished-at="2019-07-23T05:38:36Z">
          <reporter-output>
          </reporter-output>
        </test-method> <!-- afterSuite -->
      </class> <!-- testCases.TC0008_AddNewDeveloper -->
    </test> <!-- Test -->
  </suite> <!-- Suite -->
</testng-results>
