<?xml version="1.0" encoding="UTF-8"?>
<testng-results skipped="0" failed="0" ignored="0" total="1" passed="1">
  <reporter-output>
  </reporter-output>
  <suite name="Default suite" duration-ms="18489" started-at="2019-08-23T13:00:29Z" finished-at="2019-08-23T13:00:47Z">
    <groups>
      <group name="airline1">
        <method signature="TC0126_AirlineLogin131.AirlineLogin123(java.lang.String, java.lang.String, java.lang.String)[pri:0, instance:testCases.TC0126_AirlineLogin131@2bea5ab4]" name="AirlineLogin123" class="testCases.TC0126_AirlineLogin131"/>
      </group> <!-- airline1 -->
    </groups>
    <test name="Default test" duration-ms="18489" started-at="2019-08-23T13:00:29Z" finished-at="2019-08-23T13:00:47Z">
      <class name="testCases.TC0126_AirlineLogin131">
        <test-method status="PASS" signature="beforeSuite()[pri:0, instance:testCases.TC0126_AirlineLogin131@2bea5ab4]" name="beforeSuite" is-config="true" duration-ms="265" started-at="2019-08-23T13:00:28Z" finished-at="2019-08-23T13:00:29Z">
          <reporter-output>
          </reporter-output>
        </test-method> <!-- beforeSuite -->
        <test-method status="PASS" signature="beforeTest()[pri:0, instance:testCases.TC0126_AirlineLogin131@2bea5ab4]" name="beforeTest" is-config="true" duration-ms="0" started-at="2019-08-23T13:00:29Z" finished-at="2019-08-23T13:00:29Z">
          <reporter-output>
          </reporter-output>
        </test-method> <!-- beforeTest -->
        <test-method status="PASS" signature="setValues()[pri:0, instance:testCases.TC0126_AirlineLogin131@2bea5ab4]" name="setValues" is-config="true" duration-ms="0" started-at="2019-08-23T13:00:29Z" finished-at="2019-08-23T13:00:29Z">
          <reporter-output>
          </reporter-output>
        </test-method> <!-- setValues -->
        <test-method status="PASS" signature="beforeMethod()[pri:0, instance:testCases.TC0126_AirlineLogin131@2bea5ab4]" name="beforeMethod" is-config="true" duration-ms="4898" started-at="2019-08-23T13:00:29Z" finished-at="2019-08-23T13:00:34Z">
          <reporter-output>
          </reporter-output>
        </test-method> <!-- beforeMethod -->
        <test-method status="PASS" signature="AirlineLogin123(java.lang.String, java.lang.String, java.lang.String)[pri:0, instance:testCases.TC0126_AirlineLogin131@2bea5ab4]" name="AirlineLogin123" duration-ms="12497" started-at="2019-08-23T13:00:34Z" data-provider="fetchData" finished-at="2019-08-23T13:00:46Z">
          <params>
            <param index="0">
              <value>
                <![CDATA[airline@ltts.com]]>
              </value>
            </param>
            <param index="1">
              <value>
                <![CDATA[Rajravi@1]]>
              </value>
            </param>
            <param index="2">
              <value>
                <![CDATA[New]]>
              </value>
            </param>
          </params>
          <reporter-output>
          </reporter-output>
        </test-method> <!-- AirlineLogin123 -->
        <test-method status="PASS" signature="afterMethod(org.testng.ITestResult)[pri:0, instance:testCases.TC0126_AirlineLogin131@2bea5ab4]" name="afterMethod" is-config="true" duration-ms="734" started-at="2019-08-23T13:00:46Z" finished-at="2019-08-23T13:00:47Z">
          <params>
            <param index="0">
              <value>
                <![CDATA[[TestResult name=AirlineLogin123 status=SUCCESS method=TC0126_AirlineLogin131.AirlineLogin123(java.lang.String, java.lang.String, java.lang.String)[pri:0, instance:testCases.TC0126_AirlineLogin131@2bea5ab4] output={null}]]]>
              </value>
            </param>
          </params>
          <reporter-output>
          </reporter-output>
        </test-method> <!-- afterMethod -->
        <test-method status="PASS" signature="afterTest()[pri:0, instance:testCases.TC0126_AirlineLogin131@2bea5ab4]" name="afterTest" is-config="true" duration-ms="0" started-at="2019-08-23T13:00:47Z" finished-at="2019-08-23T13:00:47Z">
          <reporter-output>
          </reporter-output>
        </test-method> <!-- afterTest -->
        <test-method status="PASS" signature="afterClass()[pri:0, instance:testCases.TC0126_AirlineLogin131@2bea5ab4]" name="afterClass" is-config="true" duration-ms="0" started-at="2019-08-23T13:00:47Z" finished-at="2019-08-23T13:00:47Z">
          <reporter-output>
          </reporter-output>
        </test-method> <!-- afterClass -->
        <test-method status="PASS" signature="afterSuite()[pri:0, instance:testCases.TC0126_AirlineLogin131@2bea5ab4]" name="afterSuite" is-config="true" duration-ms="173" started-at="2019-08-23T13:00:47Z" finished-at="2019-08-23T13:00:47Z">
          <reporter-output>
          </reporter-output>
        </test-method> <!-- afterSuite -->
      </class> <!-- testCases.TC0126_AirlineLogin131 -->
    </test> <!-- Default test -->
  </suite> <!-- Default suite -->
</testng-results>
